0 info it worked if it ends with ok
1 verbose cli [ '/usr/local/Cellar/node/7.2.1/bin/node',
1 verbose cli   '/usr/local/bin/npm',
1 verbose cli   'run',
1 verbose cli   'watch-styles' ]
2 info using npm@3.10.9
3 info using node@v7.2.1
4 verbose run-script [ 'prewatch-styles', 'watch-styles', 'postwatch-styles' ]
5 info lifecycle cf_fe_challenge@1.0.0~prewatch-styles: cf_fe_challenge@1.0.0
6 silly lifecycle cf_fe_challenge@1.0.0~prewatch-styles: no script for prewatch-styles, continuing
7 info lifecycle cf_fe_challenge@1.0.0~watch-styles: cf_fe_challenge@1.0.0
8 verbose lifecycle cf_fe_challenge@1.0.0~watch-styles: unsafe-perm in lifecycle true
9 verbose lifecycle cf_fe_challenge@1.0.0~watch-styles: PATH: /usr/local/lib/node_modules/npm/bin/node-gyp-bin:/Users/KenTran/Desktop/cf_fe_challenge/node_modules/.bin:/usr/local/Cellar/node/7.2.1/bin:/Applications/Postgres.app/Contents/Versions/9.4/bin:/Users/KenTran/.rbenv/shims:/Users/KenTran/.rbenv/bin:/Users/KenTran/desktop/cf_fe_challenge/depot_tools:/usr/local/bin:/usr/local/bin:/usr/bin:/bin:/usr/sbin:/sbin:/Users/KenTran/.rvm/bin:/Users/KenTran/.rvm/bin:/Applications/Postgres.app/Contents/Versions/9.4/bin
10 verbose lifecycle cf_fe_challenge@1.0.0~watch-styles: CWD: /Users/KenTran/Desktop/cf_fe_challenge
11 silly lifecycle cf_fe_challenge@1.0.0~watch-styles: Args: [ '-c',
11 silly lifecycle   '$(npm bin)/postcss ./src/styles.css -d dist/ --use autoprefixer -w' ]
12 silly lifecycle cf_fe_challenge@1.0.0~watch-styles: Returned: code: 1  signal: null
13 info lifecycle cf_fe_challenge@1.0.0~watch-styles: Failed to exec watch-styles script
14 verbose stack Error: cf_fe_challenge@1.0.0 watch-styles: `$(npm bin)/postcss ./src/styles.css -d dist/ --use autoprefixer -w`
14 verbose stack Exit status 1
14 verbose stack     at EventEmitter.<anonymous> (/usr/local/lib/node_modules/npm/lib/utils/lifecycle.js:255:16)
14 verbose stack     at emitTwo (events.js:106:13)
14 verbose stack     at EventEmitter.emit (events.js:191:7)
14 verbose stack     at ChildProcess.<anonymous> (/usr/local/lib/node_modules/npm/lib/utils/spawn.js:40:14)
14 verbose stack     at emitTwo (events.js:106:13)
14 verbose stack     at ChildProcess.emit (events.js:191:7)
14 verbose stack     at maybeClose (internal/child_process.js:885:16)
14 verbose stack     at Process.ChildProcess._handle.onexit (internal/child_process.js:226:5)
15 verbose pkgid cf_fe_challenge@1.0.0
16 verbose cwd /Users/KenTran/Desktop/cf_fe_challenge
17 error Darwin 15.3.0
18 error argv "/usr/local/Cellar/node/7.2.1/bin/node" "/usr/local/bin/npm" "run" "watch-styles"
19 error node v7.2.1
20 error npm  v3.10.9
21 error code ELIFECYCLE
22 error cf_fe_challenge@1.0.0 watch-styles: `$(npm bin)/postcss ./src/styles.css -d dist/ --use autoprefixer -w`
22 error Exit status 1
23 error Failed at the cf_fe_challenge@1.0.0 watch-styles script '$(npm bin)/postcss ./src/styles.css -d dist/ --use autoprefixer -w'.
23 error Make sure you have the latest version of node.js and npm installed.
23 error If you do, this is most likely a problem with the cf_fe_challenge package,
23 error not with npm itself.
23 error Tell the author that this fails on your system:
23 error     $(npm bin)/postcss ./src/styles.css -d dist/ --use autoprefixer -w
23 error You can get information on how to open an issue for this project with:
23 error     npm bugs cf_fe_challenge
23 error Or if that isn't available, you can get their info via:
23 error     npm owner ls cf_fe_challenge
23 error There is likely additional logging output above.
24 verbose exit [ 1, true ]
